<?xml version="1.0" encoding="UTF-8"?><testsuite errors="1" failures="0" name="Book accomodation" skipped="0" tests="1" time="12.28" timestamp="2022-02-17 05:38:32"><testcase name="book accomodation succesfull"><error type="java.lang.NullPointerException"/><system-err>null&#13;
co.com.devco.booking.certificacion.tasks.Search.performAs(Search.java:30)&#13;
co.com.devco.booking.certificacion.stepdefinitions.SearchAccomodationStepDefinitions.theUserIsOnTheReservationWebsiteAndEntersTheAccommodationSearchParameters(SearchAccomodationStepDefinitions.java:39)&#13;
cucumber.runner.Runner.runPickle(Runner.java:80)&#13;
</system-err></testcase></testsuite>