<?xml version="1.0" encoding="UTF-8"?><testsuite errors="1" failures="0" name="Registro de usuario en Booking.com" skipped="0" tests="1" time="13.14" timestamp="2021-08-19 10:20:02"><testcase name="Registro Exitoso"><error message="no such element: Unable to locate element: {&quot;method&quot;:&quot;xpath&quot;,&quot;selector&quot;:&quot;//span[contains(string(), 'Bartolo Martinez')][@id='profile-menu-trigger--title']&quot;}&#10;  (Session info: chrome=92.0.4515.159)&#10;For documentation on this error, please visit: https://www.seleniumhq.org/exceptions/no_such_element.html&#10;Build info: version: '3.141.59', revision: 'e82be7d358', time: '2018-11-14T08:17:03'&#10;System info: host: 'DESKTOP-APQJM7F', ip: '192.168.1.6', os.name: 'Windows 10', os.arch: 'amd64', os.version: '10.0', java.version: '1.8.0_292'&#10;Driver info: org.openqa.selenium.chrome.ChromeDriver&#10;Capabilities {acceptInsecureCerts: false, browserName: chrome, browserVersion: 92.0.4515.159, chrome: {chromedriverVersion: 91.0.4472.101 (af52a90bf870..., userDataDir: C:\Users\yo\AppData\Local\T...}, goog:chromeOptions: {debuggerAddress: localhost:59610}, javascriptEnabled: true, networkConnectionEnabled: false, pageLoadStrategy: normal, platform: WINDOWS, platformName: WINDOWS, proxy: Proxy(), setWindowRect: true, strictFileInteractability: false, timeouts: {implicit: 0, pageLoad: 300000, script: 30000}, unhandledPromptBehavior: dismiss and notify, webauthn:extension:largeBlob: true, webauthn:virtualAuthenticators: true}&#10;Session ID: 78ec7381f3534a7662c6e0c2fbc4775f&#10;*** Element info: {Using=xpath, value=//span[contains(string(), 'Bartolo Martinez')][@id='profile-menu-trigger--title']}" type="java.lang.AssertionError">no such element: Unable to locate element: {"method":"xpath","selector":"//span[contains(string(), 'Bartolo Martinez')][@id='profile-menu-trigger--title']"}
  (Session info: chrome=92.0.4515.159)
For documentation on this error, please visit: https://www.seleniumhq.org/exceptions/no_such_element.html
Build info: version: '3.141.59', revision: 'e82be7d358', time: '2018-11-14T08:17:03'
System info: host: 'DESKTOP-APQJM7F', ip: '192.168.1.6', os.name: 'Windows 10', os.arch: 'amd64', os.version: '10.0', java.version: '1.8.0_292'
Driver info: org.openqa.selenium.chrome.ChromeDriver
Capabilities {acceptInsecureCerts: false, browserName: chrome, browserVersion: 92.0.4515.159, chrome: {chromedriverVersion: 91.0.4472.101 (af52a90bf870..., userDataDir: C:\Users\yo\AppData\Local\T...}, goog:chromeOptions: {debuggerAddress: localhost:59610}, javascriptEnabled: true, networkConnectionEnabled: false, pageLoadStrategy: normal, platform: WINDOWS, platformName: WINDOWS, proxy: Proxy(), setWindowRect: true, strictFileInteractability: false, timeouts: {implicit: 0, pageLoad: 300000, script: 30000}, unhandledPromptBehavior: dismiss and notify, webauthn:extension:largeBlob: true, webauthn:virtualAuthenticators: true}
Session ID: 78ec7381f3534a7662c6e0c2fbc4775f
*** Element info: {Using=xpath, value=//span[contains(string(), 'Bartolo Martinez')][@id='profile-menu-trigger--title']}</error><system-err>no
    such element: Unable to locate element: {"method":"xpath","selector":"//span[contains(string(), 'Bartolo
    Martinez')][@id='profile-menu-trigger--title']"}
    (Session info: chrome=92.0.4515.159)
    For documentation on this error, please visit: https://www.seleniumhq.org/exceptions/no_such_element.html
    Build info: version: '3.141.59', revision: 'e82be7d358', time: '2018-11-14T08:17:03'
    System info: host: 'DESKTOP-APQJM7F', ip: '192.168.1.6', os.name: 'Windows 10', os.arch: 'amd64', os.version:
    '10.0', java.version: '1.8.0_292'
    Driver info: org.openqa.selenium.chrome.ChromeDriver
    Capabilities {acceptInsecureCerts: false, browserName: chrome, browserVersion: 92.0.4515.159, chrome:
    {chromedriverVersion: 91.0.4472.101 (af52a90bf870..., userDataDir: C:\Users\yo\AppData\Local\T...},
    goog:chromeOptions: {debuggerAddress: localhost:59610}, javascriptEnabled: true, networkConnectionEnabled: false,
    pageLoadStrategy: normal, platform: WINDOWS, platformName: WINDOWS, proxy: Proxy(), setWindowRect: true,
    strictFileInteractability: false, timeouts: {implicit: 0, pageLoad: 300000, script: 30000}, unhandledPromptBehavior:
    dismiss and notify, webauthn:extension:largeBlob: true, webauthn:virtualAuthenticators: true}
    Session ID: 78ec7381f3534a7662c6e0c2fbc4775f
    *** Element info: {Using=xpath, value=//span[contains(string(), 'Bartolo
    Martinez')][@id='profile-menu-trigger--title']}&#13;
    co.com.devco.booking.certificacion.stepdefinitions.LoginStepDefinitions.deberaVerSuNombreEnElLogin(LoginStepDefinitions.java:49)&#13;
    ✽.Debera ver su nombre en el login(src/test/resources/features/login.feature:8)&#13;
</system-err></testcase></testsuite>