<?xml version="1.0" encoding="UTF-8"?><testsuite errors="0" failures="1" name="Reservation Accommodation" skipped="0" tests="1" time="24.19" timestamp="2021-08-23 04:40:57"><testcase name="Reservation Accommodation succesful"><failure message="Expected enabled element was not enabled" type="net.thucydides.core.webdriver.exceptions.ElementShouldBeEnabledException">Expected enabled element was not enabled</failure><system-err>Expected enabled element was not enabled&#13;
co.com.devco.booking.certificacion.tasks.Reserve.performAs(Reserve.java:23)&#13;
co.com.devco.booking.certificacion.stepdefinitions.ReservationAccommodationStepDefinitions.theDiligenceAllTheFieldsToReserveTheAccommodation(ReservationAccommodationStepDefinitions.java:39)&#13;
cucumber.runner.Runner.runPickle(Runner.java:80)&#13;
</system-err></testcase></testsuite>