<?xml version="1.0" encoding="UTF-8"?><testsuite errors="1" failures="0" name="As a user, I need to consult a medium car with space for three suitcases" skipped="0" tests="1" time="19.89" timestamp="2022-02-17 05:18:45"><testcase name="Consult of medium car with space for three suitcases  succesfully"><error message="The of() method is not supported for By-type Targets" type="java.lang.UnsupportedOperationException">The of() method is not supported for By-type Targets</error><system-err>The of() method is not supported for By-type Targets&#13;
co.com.devco.booking.certificacion.tasks.GetCarRental.performAs(GetCarRental.java:23)&#13;
co.com.devco.booking.certificacion.stepdefinitions.GetCarStepDefinitios.theUserEnterTheFilters(GetCarStepDefinitios.java:27)&#13;
cucumber.runner.Runner.runPickle(Runner.java:80)&#13;
</system-err></testcase></testsuite>